<?xml version="1.0" encoding="utf-8" standalone="no"?>
<!--This file represents the results of running a test suite-->
<test-results name="D:\Documents\GitHub\SharpTox\SharpTox.Tests\bin\x86\Debug\SharpTox.Tests.dll" total="20" errors="0" failures="0" not-run="3" inconclusive="0" ignored="3" skipped="0" invalid="0" date="2015-05-03" time="15:19:01">
  <environment nunit-version="2.6.4.14350" clr-version="2.0.50727.8009" os-version="Microsoft Windows NT 6.2.9200.0" platform="Win32NT" cwd="D:\Documents\GitHub\SharpTox" machine-name="ALEX-PC" user="Alex" user-domain="Alex-PC" />
  <culture-info current-culture="en-US" current-uiculture="en-US" />
  <test-suite type="Test Project" name="D:\Documents\GitHub\SharpTox\SharpTox.Tests\bin\x86\Debug\SharpTox.Tests.dll" executed="True" result="Success" success="True" time="153.907" asserts="0">
    <results>
      <test-suite type="Assembly" name="D:\Documents\GitHub\SharpTox\SharpTox.Tests\bin\x86\Debug\SharpTox.Tests.dll" executed="True" result="Success" success="True" time="153.772" asserts="0">
        <results>
          <test-suite type="Namespace" name="SharpTox" executed="True" result="Success" success="True" time="153.766" asserts="0">
            <results>
              <test-suite type="Namespace" name="Test" executed="True" result="Success" success="True" time="153.765" asserts="0">
                <results>
                  <test-suite type="TestFixture" name="CoreFriendTests" executed="True" result="Success" success="True" time="34.291" asserts="0">
                    <results>
                      <test-case name="SharpTox.Test.CoreFriendTests.TestToxAction" executed="True" result="Success" success="True" time="0.064" asserts="0" />
                      <test-case name="SharpTox.Test.CoreFriendTests.TestToxFileTransfer" executed="True" result="Success" success="True" time="3.113" asserts="0" />
                      <test-case name="SharpTox.Test.CoreFriendTests.TestToxFriendPublicKey" executed="True" result="Success" success="True" time="0.002" asserts="0" />
                      <test-case name="SharpTox.Test.CoreFriendTests.TestToxLosslessPacket" executed="True" result="Success" success="True" time="0.023" asserts="0" />
                      <test-case name="SharpTox.Test.CoreFriendTests.TestToxLossyPacket" executed="True" result="Success" success="True" time="0.012" asserts="0" />
                      <test-case name="SharpTox.Test.CoreFriendTests.TestToxMessage" executed="True" result="Success" success="True" time="0.013" asserts="0" />
                      <test-case name="SharpTox.Test.CoreFriendTests.TestToxName" executed="True" result="Success" success="True" time="0.011" asserts="0" />
                      <test-case name="SharpTox.Test.CoreFriendTests.TestToxStatus" executed="True" result="Success" success="True" time="0.023" asserts="0" />
                      <test-case name="SharpTox.Test.CoreFriendTests.TestToxStatusMessage" executed="True" result="Success" success="True" time="0.012" asserts="0" />
                      <test-case name="SharpTox.Test.CoreFriendTests.TestToxTyping" executed="True" result="Success" success="True" time="0.012" asserts="0" />
                    </results>
                  </test-suite>
                  <test-suite type="TestFixture" name="CoreSelfTests" executed="True" result="Success" success="True" time="44.756" asserts="0">
                    <results>
                      <test-case name="SharpTox.Test.CoreSelfTests.TestToxEncryption" executed="False" result="Ignored">
                        <reason>
                          <message><![CDATA[]]></message>
                        </reason>
                      </test-case>
                      <test-case name="SharpTox.Test.CoreSelfTests.TestToxEncryptionLoad" executed="False" result="Ignored">
                        <reason>
                          <message><![CDATA[]]></message>
                        </reason>
                      </test-case>
                      <test-case name="SharpTox.Test.CoreSelfTests.TestToxFriendRequest" executed="True" result="Success" success="True" time="44.722" asserts="0" />
                      <test-case name="SharpTox.Test.CoreSelfTests.TestToxLoadData" executed="True" result="Success" success="True" time="0.006" asserts="0" />
                      <test-case name="SharpTox.Test.CoreSelfTests.TestToxNospam" executed="True" result="Success" success="True" time="0.003" asserts="0" />
                      <test-case name="SharpTox.Test.CoreSelfTests.TestToxPortBind" executed="True" result="Success" success="True" time="0.005" asserts="0" />
                      <test-case name="SharpTox.Test.CoreSelfTests.TestToxProxySocks5" executed="False" result="Ignored">
                        <properties>
                          <property name="Timeout" value="120000" />
                        </properties>
                        <reason>
                          <message><![CDATA[]]></message>
                        </reason>
                      </test-case>
                      <test-case name="SharpTox.Test.CoreSelfTests.TestToxSelfName" executed="True" result="Success" success="True" time="0.003" asserts="0" />
                      <test-case name="SharpTox.Test.CoreSelfTests.TestToxSelfStatus" executed="True" result="Success" success="True" time="0.003" asserts="0" />
                      <test-case name="SharpTox.Test.CoreSelfTests.TestToxSelfStatusMessage" executed="True" result="Success" success="True" time="0.002" asserts="0" />
                    </results>
                  </test-suite>
                  <test-suite type="TestFixture" name="MiscTests" executed="True" result="Success" success="True" time="74.713" asserts="0">
                    <results>
                      <test-case name="SharpTox.Test.MiscTests.TestToxBootstrapAndConnect" executed="True" result="Success" success="True" time="7.703" asserts="0">
                        <properties>
                          <property name="Timeout" value="30000" />
                        </properties>
                      </test-case>
                      <test-case name="SharpTox.Test.MiscTests.TestToxBootstrapAndConnectTcp" executed="True" result="Success" success="True" time="67.004" asserts="0">
                        <properties>
                          <property name="Timeout" value="120000" />
                        </properties>
                      </test-case>
                      <test-case name="SharpTox.Test.MiscTests.TestToxHash" executed="True" result="Success" success="True" time="0.001" asserts="0" />
                    </results>
                  </test-suite>
                </results>
              </test-suite>
            </results>
          </test-suite>
        </results>
      </test-suite>
    </results>
  </test-suite>
</test-results>